0 info it worked if it ends with ok
1 verbose cli [ '/Users/marefalihama/.nvm/versions/node/v6.5.0/bin/node',
1 verbose cli   '/Users/marefalihama/.nvm/versions/node/v6.5.0/bin/npm',
1 verbose cli   'run',
1 verbose cli   'ci' ]
2 info using npm@3.10.3
3 info using node@v6.5.0
4 verbose run-script [ 'preci', 'ci', 'postci' ]
5 info lifecycle pdfcreator.js@1.0.0~preci: pdfcreator.js@1.0.0
6 silly lifecycle pdfcreator.js@1.0.0~preci: no script for preci, continuing
7 info lifecycle pdfcreator.js@1.0.0~ci: pdfcreator.js@1.0.0
8 verbose lifecycle pdfcreator.js@1.0.0~ci: unsafe-perm in lifecycle true
9 verbose lifecycle pdfcreator.js@1.0.0~ci: PATH: /Users/marefalihama/.nvm/versions/node/v6.5.0/lib/node_modules/npm/bin/node-gyp-bin:/Users/marefalihama/projects/pdfCreator.js/node_modules/.bin:/Users/marefalihama/.nvm/versions/node/v6.5.0/bin:/Users/marefalihama/.nvm/versions/node/v6.5.0/bin:/usr/local/bin:/usr/bin:/bin:/usr/sbin:/sbin:/usr/local/sbin
10 verbose lifecycle pdfcreator.js@1.0.0~ci: CWD: /Users/marefalihama/projects/pdfCreator.js
11 silly lifecycle pdfcreator.js@1.0.0~ci: Args: [ '-c', 'gulp lint --ci' ]
12 silly lifecycle pdfcreator.js@1.0.0~ci: Returned: code: 1  signal: null
13 info lifecycle pdfcreator.js@1.0.0~ci: Failed to exec ci script
14 verbose stack Error: pdfcreator.js@1.0.0 ci: `gulp lint --ci`
14 verbose stack Exit status 1
14 verbose stack     at EventEmitter.<anonymous> (/Users/marefalihama/.nvm/versions/node/v6.5.0/lib/node_modules/npm/lib/utils/lifecycle.js:242:16)
14 verbose stack     at emitTwo (events.js:106:13)
14 verbose stack     at EventEmitter.emit (events.js:191:7)
14 verbose stack     at ChildProcess.<anonymous> (/Users/marefalihama/.nvm/versions/node/v6.5.0/lib/node_modules/npm/lib/utils/spawn.js:40:14)
14 verbose stack     at emitTwo (events.js:106:13)
14 verbose stack     at ChildProcess.emit (events.js:191:7)
14 verbose stack     at maybeClose (internal/child_process.js:877:16)
14 verbose stack     at Process.ChildProcess._handle.onexit (internal/child_process.js:226:5)
15 verbose pkgid pdfcreator.js@1.0.0
16 verbose cwd /Users/marefalihama/projects/pdfCreator.js/config
17 error Darwin 15.6.0
18 error argv "/Users/marefalihama/.nvm/versions/node/v6.5.0/bin/node" "/Users/marefalihama/.nvm/versions/node/v6.5.0/bin/npm" "run" "ci"
19 error node v6.5.0
20 error npm  v3.10.3
21 error code ELIFECYCLE
22 error pdfcreator.js@1.0.0 ci: `gulp lint --ci`
22 error Exit status 1
23 error Failed at the pdfcreator.js@1.0.0 ci script 'gulp lint --ci'.
23 error Make sure you have the latest version of node.js and npm installed.
23 error If you do, this is most likely a problem with the pdfcreator.js package,
23 error not with npm itself.
23 error Tell the author that this fails on your system:
23 error     gulp lint --ci
23 error You can get information on how to open an issue for this project with:
23 error     npm bugs pdfcreator.js
23 error Or if that isn't available, you can get their info via:
23 error     npm owner ls pdfcreator.js
23 error There is likely additional logging output above.
24 verbose exit [ 1, true ]
